[debug] [2022-10-11T18:03:06.957Z] ----------------------------------------------------------------------
[debug] [2022-10-11T18:03:06.958Z] Command:       C:\Program Files\nodejs\node.exe C:\Users\mrclo\AppData\Roaming\npm\node_modules\firebase-tools\lib\bin\firebase.js deploy
[debug] [2022-10-11T18:03:06.958Z] CLI Version:   11.7.0
[debug] [2022-10-11T18:03:06.958Z] Platform:      win32
[debug] [2022-10-11T18:03:06.958Z] Node Version:  v16.14.0
[debug] [2022-10-11T18:03:06.959Z] Time:          Tue Oct 11 2022 23:33:06 GMT+0530 (India Standard Time)
[debug] [2022-10-11T18:03:06.959Z] ----------------------------------------------------------------------
[debug] 
[debug] [2022-10-11T18:03:07.003Z] > command requires scopes: ["email","openid","https://www.googleapis.com/auth/cloudplatformprojects.readonly","https://www.googleapis.com/auth/firebase","https://www.googleapis.com/auth/cloud-platform"]
[debug] [2022-10-11T18:03:07.004Z] > authorizing via signed-in user (mrclocktd@gmail.com)
[debug] [2022-10-11T18:03:07.004Z] [iam] checking project weather-app-theshawa for permissions ["firebase.projects.get","firebasehosting.sites.update"]
[debug] [2022-10-11T18:03:07.006Z] >>> [apiv2][query] POST https://cloudresourcemanager.googleapis.com/v1/projects/weather-app-theshawa:testIamPermissions [none]
[debug] [2022-10-11T18:03:07.006Z] >>> [apiv2][(partial)header] POST https://cloudresourcemanager.googleapis.com/v1/projects/weather-app-theshawa:testIamPermissions x-goog-quota-user=projects/weather-app-theshawa
[debug] [2022-10-11T18:03:07.006Z] >>> [apiv2][body] POST https://cloudresourcemanager.googleapis.com/v1/projects/weather-app-theshawa:testIamPermissions {"permissions":["firebase.projects.get","firebasehosting.sites.update"]}
[debug] [2022-10-11T18:03:08.405Z] <<< [apiv2][status] POST https://cloudresourcemanager.googleapis.com/v1/projects/weather-app-theshawa:testIamPermissions 200
[debug] [2022-10-11T18:03:08.405Z] <<< [apiv2][body] POST https://cloudresourcemanager.googleapis.com/v1/projects/weather-app-theshawa:testIamPermissions {"permissions":["firebase.projects.get","firebasehosting.sites.update"]}
[debug] [2022-10-11T18:03:08.405Z] >>> [apiv2][query] GET https://firebase.googleapis.com/v1beta1/projects/weather-app-theshawa [none]
[debug] [2022-10-11T18:03:11.044Z] <<< [apiv2][status] GET https://firebase.googleapis.com/v1beta1/projects/weather-app-theshawa 200
[debug] [2022-10-11T18:03:11.045Z] <<< [apiv2][body] GET https://firebase.googleapis.com/v1beta1/projects/weather-app-theshawa {"projectId":"weather-app-theshawa","projectNumber":"46886601135","displayName":"Weather App Theshawa","name":"projects/weather-app-theshawa","resources":{"hostingSite":"weather-app-theshawa"},"state":"ACTIVE","etag":"1_7efe5212-081f-42c8-adb6-ea1bcbbfe9b2"}
[info] 
[info] === Deploying to 'weather-app-theshawa'...
[info] 
[info] i  deploying hosting 
[debug] [2022-10-11T18:03:11.047Z] >>> [apiv2][query] GET https://firebase.googleapis.com/v1beta1/projects/weather-app-theshawa [none]
[debug] [2022-10-11T18:03:12.071Z] <<< [apiv2][status] GET https://firebase.googleapis.com/v1beta1/projects/weather-app-theshawa 200
[debug] [2022-10-11T18:03:12.071Z] <<< [apiv2][body] GET https://firebase.googleapis.com/v1beta1/projects/weather-app-theshawa {"projectId":"weather-app-theshawa","projectNumber":"46886601135","displayName":"Weather App Theshawa","name":"projects/weather-app-theshawa","resources":{"hostingSite":"weather-app-theshawa"},"state":"ACTIVE","etag":"1_7efe5212-081f-42c8-adb6-ea1bcbbfe9b2"}
[debug] [2022-10-11T18:03:12.072Z] >>> [apiv2][query] POST https://firebasehosting.googleapis.com/v1beta1/projects/46886601135/sites/weather-app-theshawa/versions [none]
[debug] [2022-10-11T18:03:12.072Z] >>> [apiv2][body] POST https://firebasehosting.googleapis.com/v1beta1/projects/46886601135/sites/weather-app-theshawa/versions {"config":{"rewrites":[{"glob":"**","path":"/index.html"}]},"labels":{"deployment-tool":"cli-firebase"}}
[debug] [2022-10-11T18:03:13.789Z] <<< [apiv2][status] POST https://firebasehosting.googleapis.com/v1beta1/projects/46886601135/sites/weather-app-theshawa/versions 200
[debug] [2022-10-11T18:03:13.790Z] <<< [apiv2][body] POST https://firebasehosting.googleapis.com/v1beta1/projects/46886601135/sites/weather-app-theshawa/versions {"name":"projects/46886601135/sites/weather-app-theshawa/versions/ee30516daf4f1159","status":"CREATED","config":{"rewrites":[{"glob":"**","path":"/index.html"}]},"labels":{"deployment-tool":"cli-firebase"}}
[info] i  hosting[weather-app-theshawa]: beginning deploy... 
[info] i  hosting[weather-app-theshawa]: found 7 files in build 
[debug] [2022-10-11T18:03:13.805Z] [hosting] uploading with 200 concurrency
[debug] [2022-10-11T18:03:13.924Z] [hosting] hash cache [YnVpbGQ] stored for 7 files
[debug] [2022-10-11T18:03:13.924Z] [hosting][hash queue][FINAL] {"max":112,"min":7,"avg":24.571428571428573,"active":0,"complete":7,"success":7,"errored":0,"retried":0,"total":7,"elapsed":117}
[debug] [2022-10-11T18:03:13.925Z] >>> [apiv2][query] POST https://firebasehosting.googleapis.com/v1beta1/projects/46886601135/sites/weather-app-theshawa/versions/ee30516daf4f1159:populateFiles [none]
[debug] [2022-10-11T18:03:13.925Z] >>> [apiv2][body] POST https://firebasehosting.googleapis.com/v1beta1/projects/46886601135/sites/weather-app-theshawa/versions/ee30516daf4f1159:populateFiles {"files":{"/asset-manifest.json":"744f3569ae9a090e0edfa6a5d768b49a83cd15e5158c2a8b905a1fb195ad3725","/index.html":"2b76c4ff91045168f4d65d0b92d50e4225d44700594646a4a7319cfa6b143ad5","/static/css/main.75edb247.css.map":"43b8e9a8a5190a086ce87067f16246c3f759b2eb668eae25a07a827706d6e600","/static/css/main.75edb247.css":"f7c07db71733b93392796c9e7d0533e1a12e2309c3747e916b4773a47184cd85","/static/js/main.0ea8d208.js.LICENSE.txt":"6c0fa222ff3caa5bf8b1fd7f361b824dfabcfab73bdcb139c2b84570fc668170","/static/js/main.0ea8d208.js":"44ed89989640e31ba1d47a48347a2a36baed0d16d43cd6909e436a94bb33485f","/static/js/main.0ea8d208.js.map":"892d8b93d30bff937fdc7440ca55decbfe7fc486bd1d3fd6a51fc9168b535358"}}
[debug] [2022-10-11T18:03:15.268Z] <<< [apiv2][status] POST https://firebasehosting.googleapis.com/v1beta1/projects/46886601135/sites/weather-app-theshawa/versions/ee30516daf4f1159:populateFiles 200
[debug] [2022-10-11T18:03:15.269Z] <<< [apiv2][body] POST https://firebasehosting.googleapis.com/v1beta1/projects/46886601135/sites/weather-app-theshawa/versions/ee30516daf4f1159:populateFiles {"uploadRequiredHashes":["44ed89989640e31ba1d47a48347a2a36baed0d16d43cd6909e436a94bb33485f","892d8b93d30bff937fdc7440ca55decbfe7fc486bd1d3fd6a51fc9168b535358","744f3569ae9a090e0edfa6a5d768b49a83cd15e5158c2a8b905a1fb195ad3725","2b76c4ff91045168f4d65d0b92d50e4225d44700594646a4a7319cfa6b143ad5"],"uploadUrl":"https://upload-firebasehosting.googleapis.com/upload/sites/weather-app-theshawa/versions/ee30516daf4f1159/files"}
[debug] [2022-10-11T18:03:15.272Z] >>> [apiv2][query] POST https://upload-firebasehosting.googleapis.com/upload/sites/weather-app-theshawa/versions/ee30516daf4f1159/files/44ed89989640e31ba1d47a48347a2a36baed0d16d43cd6909e436a94bb33485f [none]
[debug] [2022-10-11T18:03:15.273Z] >>> [apiv2][body] POST https://upload-firebasehosting.googleapis.com/upload/sites/weather-app-theshawa/versions/ee30516daf4f1159/files/44ed89989640e31ba1d47a48347a2a36baed0d16d43cd6909e436a94bb33485f [stream]
[debug] [2022-10-11T18:03:15.276Z] >>> [apiv2][query] POST https://upload-firebasehosting.googleapis.com/upload/sites/weather-app-theshawa/versions/ee30516daf4f1159/files/892d8b93d30bff937fdc7440ca55decbfe7fc486bd1d3fd6a51fc9168b535358 [none]
[debug] [2022-10-11T18:03:15.276Z] >>> [apiv2][body] POST https://upload-firebasehosting.googleapis.com/upload/sites/weather-app-theshawa/versions/ee30516daf4f1159/files/892d8b93d30bff937fdc7440ca55decbfe7fc486bd1d3fd6a51fc9168b535358 [stream]
[debug] [2022-10-11T18:03:15.278Z] >>> [apiv2][query] POST https://upload-firebasehosting.googleapis.com/upload/sites/weather-app-theshawa/versions/ee30516daf4f1159/files/744f3569ae9a090e0edfa6a5d768b49a83cd15e5158c2a8b905a1fb195ad3725 [none]
[debug] [2022-10-11T18:03:15.278Z] >>> [apiv2][body] POST https://upload-firebasehosting.googleapis.com/upload/sites/weather-app-theshawa/versions/ee30516daf4f1159/files/744f3569ae9a090e0edfa6a5d768b49a83cd15e5158c2a8b905a1fb195ad3725 [stream]
[debug] [2022-10-11T18:03:15.279Z] >>> [apiv2][query] POST https://upload-firebasehosting.googleapis.com/upload/sites/weather-app-theshawa/versions/ee30516daf4f1159/files/2b76c4ff91045168f4d65d0b92d50e4225d44700594646a4a7319cfa6b143ad5 [none]
[debug] [2022-10-11T18:03:15.280Z] >>> [apiv2][body] POST https://upload-firebasehosting.googleapis.com/upload/sites/weather-app-theshawa/versions/ee30516daf4f1159/files/2b76c4ff91045168f4d65d0b92d50e4225d44700594646a4a7319cfa6b143ad5 [stream]
[debug] [2022-10-11T18:03:15.281Z] [hosting][populate queue][FINAL] {"max":1349,"min":1349,"avg":1349,"active":0,"complete":1,"success":1,"errored":0,"retried":0,"total":1,"elapsed":1358}
[debug] [2022-10-11T18:03:15.281Z] [hosting] uploads queued: 4
[debug] [2022-10-11T18:03:21.254Z] <<< [apiv2][status] POST https://upload-firebasehosting.googleapis.com/upload/sites/weather-app-theshawa/versions/ee30516daf4f1159/files/2b76c4ff91045168f4d65d0b92d50e4225d44700594646a4a7319cfa6b143ad5 200
[debug] [2022-10-11T18:03:21.254Z] <<< [apiv2][body] POST https://upload-firebasehosting.googleapis.com/upload/sites/weather-app-theshawa/versions/ee30516daf4f1159/files/2b76c4ff91045168f4d65d0b92d50e4225d44700594646a4a7319cfa6b143ad5 [stream]
[debug] [2022-10-11T18:03:21.468Z] <<< [apiv2][status] POST https://upload-firebasehosting.googleapis.com/upload/sites/weather-app-theshawa/versions/ee30516daf4f1159/files/744f3569ae9a090e0edfa6a5d768b49a83cd15e5158c2a8b905a1fb195ad3725 200
[debug] [2022-10-11T18:03:21.468Z] <<< [apiv2][body] POST https://upload-firebasehosting.googleapis.com/upload/sites/weather-app-theshawa/versions/ee30516daf4f1159/files/744f3569ae9a090e0edfa6a5d768b49a83cd15e5158c2a8b905a1fb195ad3725 [stream]
[debug] [2022-10-11T18:03:43.282Z] <<< [apiv2][status] POST https://upload-firebasehosting.googleapis.com/upload/sites/weather-app-theshawa/versions/ee30516daf4f1159/files/44ed89989640e31ba1d47a48347a2a36baed0d16d43cd6909e436a94bb33485f 200
[debug] [2022-10-11T18:03:43.283Z] <<< [apiv2][body] POST https://upload-firebasehosting.googleapis.com/upload/sites/weather-app-theshawa/versions/ee30516daf4f1159/files/44ed89989640e31ba1d47a48347a2a36baed0d16d43cd6909e436a94bb33485f [stream]
[debug] [2022-10-11T18:03:45.690Z] [uploadQueue] Retrying task 892d8b93d30bff937fdc7440ca55decbfe7fc486bd1d3fd6a51fc9168b535358
[debug] [2022-10-11T18:03:45.691Z] >>> [apiv2][query] POST https://upload-firebasehosting.googleapis.com/upload/sites/weather-app-theshawa/versions/ee30516daf4f1159/files/892d8b93d30bff937fdc7440ca55decbfe7fc486bd1d3fd6a51fc9168b535358 [none]
[debug] [2022-10-11T18:03:45.691Z] >>> [apiv2][body] POST https://upload-firebasehosting.googleapis.com/upload/sites/weather-app-theshawa/versions/ee30516daf4f1159/files/892d8b93d30bff937fdc7440ca55decbfe7fc486bd1d3fd6a51fc9168b535358 [stream]
[debug] [2022-10-11T18:04:16.504Z] [uploadQueue] Retrying task 892d8b93d30bff937fdc7440ca55decbfe7fc486bd1d3fd6a51fc9168b535358
[debug] [2022-10-11T18:04:16.505Z] >>> [apiv2][query] POST https://upload-firebasehosting.googleapis.com/upload/sites/weather-app-theshawa/versions/ee30516daf4f1159/files/892d8b93d30bff937fdc7440ca55decbfe7fc486bd1d3fd6a51fc9168b535358 [none]
[debug] [2022-10-11T18:04:16.505Z] >>> [apiv2][body] POST https://upload-firebasehosting.googleapis.com/upload/sites/weather-app-theshawa/versions/ee30516daf4f1159/files/892d8b93d30bff937fdc7440ca55decbfe7fc486bd1d3fd6a51fc9168b535358 [stream]
[debug] [2022-10-11T18:04:48.123Z] [uploadQueue] Retrying task 892d8b93d30bff937fdc7440ca55decbfe7fc486bd1d3fd6a51fc9168b535358
[debug] [2022-10-11T18:04:48.124Z] >>> [apiv2][query] POST https://upload-firebasehosting.googleapis.com/upload/sites/weather-app-theshawa/versions/ee30516daf4f1159/files/892d8b93d30bff937fdc7440ca55decbfe7fc486bd1d3fd6a51fc9168b535358 [none]
[debug] [2022-10-11T18:04:48.124Z] >>> [apiv2][body] POST https://upload-firebasehosting.googleapis.com/upload/sites/weather-app-theshawa/versions/ee30516daf4f1159/files/892d8b93d30bff937fdc7440ca55decbfe7fc486bd1d3fd6a51fc9168b535358 [stream]
[debug] [2022-10-11T18:05:21.336Z] [uploadQueue] Retrying task 892d8b93d30bff937fdc7440ca55decbfe7fc486bd1d3fd6a51fc9168b535358
[debug] [2022-10-11T18:05:21.337Z] >>> [apiv2][query] POST https://upload-firebasehosting.googleapis.com/upload/sites/weather-app-theshawa/versions/ee30516daf4f1159/files/892d8b93d30bff937fdc7440ca55decbfe7fc486bd1d3fd6a51fc9168b535358 [none]
[debug] [2022-10-11T18:05:21.337Z] >>> [apiv2][body] POST https://upload-firebasehosting.googleapis.com/upload/sites/weather-app-theshawa/versions/ee30516daf4f1159/files/892d8b93d30bff937fdc7440ca55decbfe7fc486bd1d3fd6a51fc9168b535358 [stream]
[debug] [2022-10-11T18:05:57.745Z] [uploadQueue] Retrying task 892d8b93d30bff937fdc7440ca55decbfe7fc486bd1d3fd6a51fc9168b535358
[debug] [2022-10-11T18:05:57.747Z] >>> [apiv2][query] POST https://upload-firebasehosting.googleapis.com/upload/sites/weather-app-theshawa/versions/ee30516daf4f1159/files/892d8b93d30bff937fdc7440ca55decbfe7fc486bd1d3fd6a51fc9168b535358 [none]
[debug] [2022-10-11T18:05:57.747Z] >>> [apiv2][body] POST https://upload-firebasehosting.googleapis.com/upload/sites/weather-app-theshawa/versions/ee30516daf4f1159/files/892d8b93d30bff937fdc7440ca55decbfe7fc486bd1d3fd6a51fc9168b535358 [stream]
[debug] Task 892d8b93d30bff937fdc7440ca55decbfe7fc486bd1d3fd6a51fc9168b535358 failed: retries exhausted after 6 attempts, with error: Timeout reached making request to https://upload-firebasehosting.googleapis.com/upload/sites/weather-app-theshawa/versions/ee30516daf4f1159/files/892d8b93d30bff937fdc7440ca55decbfe7fc486bd1d3fd6a51fc9168b535358
[debug] [2022-10-11T18:06:27.752Z] [hosting][upload queue][FINAL] {"max":28014,"min":5983,"avg":13398.333333333334,"active":0,"complete":4,"success":3,"errored":1,"retried":5,"total":4,"elapsed":192483}
[debug] [2022-10-11T18:06:32.777Z] Error: Timed out.
    at Timeout._onTimeout (C:\Users\mrclo\AppData\Roaming\npm\node_modules\firebase-tools\lib\utils.js:253:49)
    at listOnTimeout (node:internal/timers:559:17)
    at processTimers (node:internal/timers:502:7)
[error] 
[error] Error: An unexpected error has occurred.
